<?xml version="1.0" encoding="UTF-8"?>
<!-- Generated by org.testng.reporters.JUnitReportReporter -->
<testsuite hostname="shushant" failures="0" tests="1" name="com.inetBankingProject.testCases.TC_LoginPage_001" time="5.793" errors="0" timestamp="2022-05-07T00:08:46 EDT" skipped="0">
  <testcase classname="com.inetBankingProject.testCases.TC_LoginPage_001" name="loginTest" time="5.793"/>
  <system-out/>
</testsuite> <!-- com.inetBankingProject.testCases.TC_LoginPage_001 -->
