<?xml version="1.0" encoding="UTF-8"?>
<!-- Generated by org.testng.reporters.JUnitReportReporter -->
<testsuite hostname="shushant" failures="0" tests="2" name="com.inetBankingProject.testCases.TC_LoginPage_001" time="18.878" errors="0" timestamp="2022-05-07T00:11:27 EDT" skipped="0">
  <testcase classname="com.inetBankingProject.testCases.TC_LoginPage_001" name="loginTest" time="2.675"/>
  <system-out/>
  <testcase classname="com.inetBankingProject.testCases.TC_LoginPage_001" name="loginTest" time="16.203"/>
  <system-out/>
</testsuite> <!-- com.inetBankingProject.testCases.TC_LoginPage_001 -->
